{"C:\\Users\\Pichau\\Documents\\homeday\\src\\routes.js": {"path":"C:\\Users\\Pichau\\Documents\\homeday\\src\\routes.js","statementMap":{"0":{"start":{"line":7,"column":22},"end":{"line":13,"column":1}}},"fnMap":{},"branchMap":{},"s":{"0":0},"f":{},"b":{},"hash":"9a9d71b83c91a96c99a5e49d4a3afbd18cec9a5c"}
,"C:\\Users\\Pichau\\Documents\\homeday\\src\\common\\api.js": {"path":"C:\\Users\\Pichau\\Documents\\homeday\\src\\common\\api.js","statementMap":{"0":{"start":{"line":6,"column":19},"end":{"line":27,"column":1}},"1":{"start":{"line":8,"column":8},"end":{"line":8,"column":33}},"2":{"start":{"line":9,"column":8},"end":{"line":9,"column":45}},"3":{"start":{"line":13,"column":8},"end":{"line":13,"column":79}},"4":{"start":{"line":17,"column":8},"end":{"line":25,"column":9}},"5":{"start":{"line":18,"column":10},"end":{"line":18,"column":67}},"6":{"start":{"line":20,"column":12},"end":{"line":24,"column":14}},"7":{"start":{"line":31,"column":33},"end":{"line":35,"column":1}},"8":{"start":{"line":33,"column":8},"end":{"line":33,"column":45}},"9":{"start":{"line":37,"column":27},"end":{"line":41,"column":1}},"10":{"start":{"line":39,"column":8},"end":{"line":39,"column":45}}},"fnMap":{"0":{"name":"(anonymous_0)","decl":{"start":{"line":7,"column":4},"end":{"line":7,"column":5}},"loc":{"start":{"line":7,"column":11},"end":{"line":10,"column":5}},"line":7},"1":{"name":"(anonymous_1)","decl":{"start":{"line":12,"column":4},"end":{"line":12,"column":5}},"loc":{"start":{"line":12,"column":16},"end":{"line":14,"column":5}},"line":12},"2":{"name":"(anonymous_2)","decl":{"start":{"line":16,"column":4},"end":{"line":16,"column":5}},"loc":{"start":{"line":16,"column":35},"end":{"line":26,"column":5}},"line":16},"3":{"name":"(anonymous_3)","decl":{"start":{"line":32,"column":4},"end":{"line":32,"column":5}},"loc":{"start":{"line":32,"column":14},"end":{"line":34,"column":5}},"line":32},"4":{"name":"(anonymous_4)","decl":{"start":{"line":38,"column":4},"end":{"line":38,"column":5}},"loc":{"start":{"line":38,"column":14},"end":{"line":40,"column":5}},"line":38}},"branchMap":{"0":{"loc":{"start":{"line":16,"column":24},"end":{"line":16,"column":33}},"type":"default-arg","locations":[{"start":{"line":16,"column":31},"end":{"line":16,"column":33}}],"line":16}},"s":{"0":0,"1":0,"2":0,"3":0,"4":0,"5":0,"6":0,"7":0,"8":0,"9":0,"10":0},"f":{"0":0,"1":0,"2":0,"3":0,"4":0},"b":{"0":[0]},"hash":"80978602ca14fd094c917dff34aba400370310e3"}
,"C:\\Users\\Pichau\\Documents\\homeday\\src\\common\\config.js": {"path":"C:\\Users\\Pichau\\Documents\\homeday\\src\\common\\config.js","statementMap":{"0":{"start":{"line":1,"column":23},"end":{"line":1,"column":47}}},"fnMap":{},"branchMap":{},"s":{"0":0},"f":{},"b":{},"hash":"00a56bbaeedc8a9f6ee511726da8215d14ca3616"}
,"C:\\Users\\Pichau\\Documents\\homeday\\src\\common\\errors.js": {"path":"C:\\Users\\Pichau\\Documents\\homeday\\src\\common\\errors.js","statementMap":{},"fnMap":{},"branchMap":{},"s":{},"f":{},"b":{},"hash":"1360f29e4854d7f38500d62d0dcd5fe7f31494c0"}
,"C:\\Users\\Pichau\\Documents\\homeday\\src\\common\\utils.js": {"path":"C:\\Users\\Pichau\\Documents\\homeday\\src\\common\\utils.js","statementMap":{"0":{"start":{"line":1,"column":36},"end":{"line":6,"column":1}},"1":{"start":{"line":2,"column":4},"end":{"line":5,"column":12}},"2":{"start":{"line":2,"column":47},"end":{"line":5,"column":5}}},"fnMap":{"0":{"name":"(anonymous_0)","decl":{"start":{"line":1,"column":36},"end":{"line":1,"column":37}},"loc":{"start":{"line":1,"column":59},"end":{"line":6,"column":1}},"line":1},"1":{"name":"(anonymous_1)","decl":{"start":{"line":2,"column":24},"end":{"line":2,"column":25}},"loc":{"start":{"line":2,"column":47},"end":{"line":5,"column":5}},"line":2}},"branchMap":{},"s":{"0":0,"1":0,"2":0},"f":{"0":0,"1":0},"b":{},"hash":"7d69064c49d2a6694cd672f61415f86f4ecbf624"}
,"C:\\Users\\Pichau\\Documents\\homeday\\src\\components\\Repository.vue": {"path":"C:\\Users\\Pichau\\Documents\\homeday\\src\\components\\Repository.vue","statementMap":{"0":{"start":{"line":56,"column":0},"end":{"line":56,"column":null}}},"fnMap":{},"branchMap":{},"s":{"0":0},"f":{},"b":{}}
,"C:\\Users\\Pichau\\Documents\\homeday\\src\\components\\RepositoryList.vue": {"path":"C:\\Users\\Pichau\\Documents\\homeday\\src\\components\\RepositoryList.vue","statementMap":{"0":{"start":{"line":55,"column":0},"end":{"line":55,"column":null}}},"fnMap":{},"branchMap":{},"s":{"0":2},"f":{},"b":{}}
,"C:\\Users\\Pichau\\Documents\\homeday\\src\\components\\WorkflowForm.vue": {"path":"C:\\Users\\Pichau\\Documents\\homeday\\src\\components\\WorkflowForm.vue","statementMap":{"0":{"start":{"line":100,"column":0},"end":{"line":100,"column":null}},"1":{"start":{"line":101,"column":0},"end":{"line":101,"column":null}},"2":{"start":{"line":111,"column":0},"end":{"line":111,"column":null}},"3":{"start":{"line":123,"column":0},"end":{"line":125,"column":null}},"4":{"start":{"line":124,"column":0},"end":{"line":124,"column":null}},"5":{"start":{"line":129,"column":0},"end":{"line":129,"column":null}},"6":{"start":{"line":133,"column":0},"end":{"line":135,"column":null}},"7":{"start":{"line":134,"column":0},"end":{"line":134,"column":null}},"8":{"start":{"line":137,"column":0},"end":{"line":139,"column":null}},"9":{"start":{"line":138,"column":0},"end":{"line":138,"column":null}},"10":{"start":{"line":141,"column":0},"end":{"line":143,"column":null}},"11":{"start":{"line":142,"column":0},"end":{"line":142,"column":null}},"12":{"start":{"line":145,"column":0},"end":{"line":145,"column":null}},"13":{"start":{"line":149,"column":0},"end":{"line":149,"column":null}}},"fnMap":{"0":{"name":"(anonymous_1)","decl":{"start":{"line":110,"column":0},"end":{"line":110,"column":null}},"loc":{"start":{"line":110,"column":0},"end":{"line":119,"column":null}}},"1":{"name":"(anonymous_2)","decl":{"start":{"line":122,"column":0},"end":{"line":122,"column":null}},"loc":{"start":{"line":122,"column":0},"end":{"line":126,"column":null}}},"2":{"name":"(anonymous_3)","decl":{"start":{"line":128,"column":0},"end":{"line":128,"column":null}},"loc":{"start":{"line":128,"column":0},"end":{"line":146,"column":null}}},"3":{"name":"(anonymous_4)","decl":{"start":{"line":148,"column":0},"end":{"line":148,"column":null}},"loc":{"start":{"line":148,"column":0},"end":{"line":150,"column":null}}}},"branchMap":{"0":{"loc":{"start":{"line":123,"column":0},"end":{"line":125,"column":null}},"type":"if","locations":[{"start":{"line":123,"column":0},"end":{"line":125,"column":null}},{"start":{"line":123,"column":0},"end":{"line":125,"column":null}}]},"1":{"loc":{"start":{"line":133,"column":0},"end":{"line":135,"column":null}},"type":"if","locations":[{"start":{"line":133,"column":0},"end":{"line":135,"column":null}},{"start":{"line":133,"column":0},"end":{"line":135,"column":null}}]},"2":{"loc":{"start":{"line":137,"column":0},"end":{"line":139,"column":null}},"type":"if","locations":[{"start":{"line":137,"column":0},"end":{"line":139,"column":null}},{"start":{"line":137,"column":0},"end":{"line":139,"column":null}}]},"3":{"loc":{"start":{"line":137,"column":0},"end":{"line":137,"column":null}},"type":"binary-expr","locations":[{"start":{"line":137,"column":0},"end":{"line":137,"column":null}},{"start":{"line":137,"column":0},"end":{"line":137,"column":null}}]},"4":{"loc":{"start":{"line":141,"column":0},"end":{"line":143,"column":null}},"type":"if","locations":[{"start":{"line":141,"column":0},"end":{"line":143,"column":null}},{"start":{"line":141,"column":0},"end":{"line":143,"column":null}}]}},"s":{"0":0,"1":0,"2":0,"3":0,"4":0,"5":0,"6":0,"7":0,"8":0,"9":0,"10":0,"11":0,"12":0,"13":0},"f":{"0":0,"1":0,"2":0,"3":0},"b":{"0":[0,0],"1":[0,0],"2":[0,0],"3":[0,0],"4":[0,0]}}
,"C:\\Users\\Pichau\\Documents\\homeday\\src\\store\\actions.js": {"path":"C:\\Users\\Pichau\\Documents\\homeday\\src\\store\\actions.js","statementMap":{"0":{"start":{"line":1,"column":39},"end":{"line":1,"column":62}},"1":{"start":{"line":2,"column":32},"end":{"line":2,"column":49}},"2":{"start":{"line":3,"column":26},"end":{"line":3,"column":37}}},"fnMap":{},"branchMap":{},"s":{"0":2,"1":2,"2":2},"f":{},"b":{},"_coverageSchema":"43e27e138ebf9cfc5966b082cf9a028302ed4184","hash":"5063ece08e762536df1acc62203808a31c418c63"}
,"C:\\Users\\Pichau\\Documents\\homeday\\src\\store\\index.js": {"path":"C:\\Users\\Pichau\\Documents\\homeday\\src\\store\\index.js","statementMap":{"0":{"start":{"line":7,"column":0},"end":{"line":7,"column":14}},"1":{"start":{"line":8,"column":0},"end":{"line":8,"column":27}}},"fnMap":{},"branchMap":{},"s":{"0":0,"1":0},"f":{},"b":{},"hash":"5430911a54b5c05a0e3aa0c63dfc9173d19eec13"}
,"C:\\Users\\Pichau\\Documents\\homeday\\src\\store\\mutations.js": {"path":"C:\\Users\\Pichau\\Documents\\homeday\\src\\store\\mutations.js","statementMap":{"0":{"start":{"line":1,"column":32},"end":{"line":1,"column":49}},"1":{"start":{"line":2,"column":25},"end":{"line":2,"column":35}},"2":{"start":{"line":3,"column":37},"end":{"line":3,"column":58}}},"fnMap":{},"branchMap":{},"s":{"0":0,"1":0,"2":0},"f":{},"b":{},"hash":"8f1cd62319a94ea6e4b7407f8b6751b7cee9cb52"}
,"C:\\Users\\Pichau\\Documents\\homeday\\src\\store\\repository.module.js": {"path":"C:\\Users\\Pichau\\Documents\\homeday\\src\\store\\repository.module.js","statementMap":{"0":{"start":{"line":6,"column":21},"end":{"line":10,"column":1}},"1":{"start":{"line":12,"column":21},"end":{"line":12,"column":40}},"2":{"start":{"line":14,"column":23},"end":{"line":34,"column":1}},"3":{"start":{"line":16,"column":25},"end":{"line":16,"column":67}},"4":{"start":{"line":17,"column":27},"end":{"line":30,"column":9}},"5":{"start":{"line":32,"column":8},"end":{"line":32,"column":53}},"6":{"start":{"line":36,"column":25},"end":{"line":47,"column":1}},"7":{"start":{"line":38,"column":8},"end":{"line":42,"column":9}},"8":{"start":{"line":39,"column":12},"end":{"line":39,"column":71}},"9":{"start":{"line":41,"column":12},"end":{"line":41,"column":61}},"10":{"start":{"line":44,"column":8},"end":{"line":44,"column":30}},"11":{"start":{"line":45,"column":8},"end":{"line":45,"column":26}},"12":{"start":{"line":49,"column":23},"end":{"line":65,"column":1}},"13":{"start":{"line":51,"column":8},"end":{"line":51,"column":41}},"14":{"start":{"line":57,"column":8},"end":{"line":59,"column":25}},"15":{"start":{"line":58,"column":28},"end":{"line":58,"column":61}},"16":{"start":{"line":62,"column":47},"end":{"line":64,"column":5}},"17":{"start":{"line":63,"column":8},"end":{"line":63,"column":49}}},"fnMap":{"0":{"name":"(anonymous_0)","decl":{"start":{"line":15,"column":4},"end":{"line":15,"column":5}},"loc":{"start":{"line":15,"column":53},"end":{"line":33,"column":5}},"line":15},"1":{"name":"(anonymous_1)","decl":{"start":{"line":37,"column":4},"end":{"line":37,"column":5}},"loc":{"start":{"line":37,"column":44},"end":{"line":46,"column":5}},"line":37},"2":{"name":"(anonymous_2)","decl":{"start":{"line":50,"column":21},"end":{"line":50,"column":22}},"loc":{"start":{"line":50,"column":32},"end":{"line":52,"column":5}},"line":50},"3":{"name":"(anonymous_3)","decl":{"start":{"line":54,"column":29},"end":{"line":54,"column":30}},"loc":{"start":{"line":54,"column":40},"end":{"line":60,"column":5}},"line":54},"4":{"name":"(anonymous_4)","decl":{"start":{"line":58,"column":18},"end":{"line":58,"column":19}},"loc":{"start":{"line":58,"column":28},"end":{"line":58,"column":61}},"line":58},"5":{"name":"(anonymous_5)","decl":{"start":{"line":62,"column":36},"end":{"line":62,"column":37}},"loc":{"start":{"line":62,"column":47},"end":{"line":64,"column":5}},"line":62},"6":{"name":"(anonymous_6)","decl":{"start":{"line":62,"column":47},"end":{"line":62,"column":48}},"loc":{"start":{"line":62,"column":67},"end":{"line":64,"column":5}},"line":62}},"branchMap":{"0":{"loc":{"start":{"line":38,"column":8},"end":{"line":42,"column":9}},"type":"if","locations":[{"start":{"line":38,"column":8},"end":{"line":42,"column":9}},{"start":{"line":38,"column":8},"end":{"line":42,"column":9}}],"line":38}},"s":{"0":0,"1":0,"2":0,"3":0,"4":0,"5":0,"6":0,"7":0,"8":0,"9":0,"10":0,"11":0,"12":0,"13":0,"14":0,"15":0,"16":0,"17":0},"f":{"0":0,"1":0,"2":0,"3":0,"4":0,"5":0,"6":0},"b":{"0":[0,0]},"hash":"5e53c33e7449fa0fca4eb19de9fcf58e021cf2bf"}
,"C:\\Users\\Pichau\\Documents\\homeday\\src\\store\\user.module.js": {"path":"C:\\Users\\Pichau\\Documents\\homeday\\src\\store\\user.module.js","statementMap":{"0":{"start":{"line":6,"column":21},"end":{"line":11,"column":1}},"1":{"start":{"line":13,"column":21},"end":{"line":13,"column":40}},"2":{"start":{"line":15,"column":23},"end":{"line":52,"column":1}},"3":{"start":{"line":17,"column":25},"end":{"line":17,"column":56}},"4":{"start":{"line":18,"column":21},"end":{"line":24,"column":9}},"5":{"start":{"line":26,"column":8},"end":{"line":26,"column":40}},"6":{"start":{"line":27,"column":8},"end":{"line":27,"column":20}},"7":{"start":{"line":31,"column":8},"end":{"line":31,"column":50}},"8":{"start":{"line":32,"column":25},"end":{"line":32,"column":64}},"9":{"start":{"line":34,"column":29},"end":{"line":47,"column":11}},"10":{"start":{"line":34,"column":57},"end":{"line":47,"column":9}},"11":{"start":{"line":49,"column":8},"end":{"line":49,"column":71}},"12":{"start":{"line":50,"column":8},"end":{"line":50,"column":55}},"13":{"start":{"line":54,"column":25},"end":{"line":72,"column":1}},"14":{"start":{"line":56,"column":8},"end":{"line":60,"column":9}},"15":{"start":{"line":57,"column":12},"end":{"line":57,"column":61}},"16":{"start":{"line":59,"column":12},"end":{"line":59,"column":44}},"17":{"start":{"line":62,"column":8},"end":{"line":62,"column":32}},"18":{"start":{"line":63,"column":8},"end":{"line":63,"column":30}},"19":{"start":{"line":64,"column":8},"end":{"line":64,"column":26}},"20":{"start":{"line":68,"column":8},"end":{"line":68,"column":88}},"21":{"start":{"line":68,"column":67},"end":{"line":68,"column":86}},"22":{"start":{"line":69,"column":8},"end":{"line":69,"column":30}},"23":{"start":{"line":70,"column":8},"end":{"line":70,"column":26}},"24":{"start":{"line":74,"column":23},"end":{"line":78,"column":1}},"25":{"start":{"line":75,"column":36},"end":{"line":77,"column":5}},"26":{"start":{"line":76,"column":8},"end":{"line":76,"column":44}}},"fnMap":{"0":{"name":"(anonymous_0)","decl":{"start":{"line":16,"column":4},"end":{"line":16,"column":5}},"loc":{"start":{"line":16,"column":42},"end":{"line":28,"column":5}},"line":16},"1":{"name":"(anonymous_1)","decl":{"start":{"line":30,"column":4},"end":{"line":30,"column":5}},"loc":{"start":{"line":30,"column":52},"end":{"line":51,"column":5}},"line":30},"2":{"name":"(anonymous_2)","decl":{"start":{"line":34,"column":42},"end":{"line":34,"column":43}},"loc":{"start":{"line":34,"column":57},"end":{"line":47,"column":9}},"line":34},"3":{"name":"(anonymous_3)","decl":{"start":{"line":55,"column":4},"end":{"line":55,"column":5}},"loc":{"start":{"line":55,"column":30},"end":{"line":65,"column":5}},"line":55},"4":{"name":"(anonymous_4)","decl":{"start":{"line":67,"column":4},"end":{"line":67,"column":5}},"loc":{"start":{"line":67,"column":60},"end":{"line":71,"column":5}},"line":67},"5":{"name":"(anonymous_5)","decl":{"start":{"line":68,"column":53},"end":{"line":68,"column":54}},"loc":{"start":{"line":68,"column":67},"end":{"line":68,"column":86}},"line":68},"6":{"name":"(anonymous_6)","decl":{"start":{"line":75,"column":25},"end":{"line":75,"column":26}},"loc":{"start":{"line":75,"column":36},"end":{"line":77,"column":5}},"line":75},"7":{"name":"(anonymous_7)","decl":{"start":{"line":75,"column":36},"end":{"line":75,"column":37}},"loc":{"start":{"line":75,"column":50},"end":{"line":77,"column":5}},"line":75}},"branchMap":{"0":{"loc":{"start":{"line":56,"column":8},"end":{"line":60,"column":9}},"type":"if","locations":[{"start":{"line":56,"column":8},"end":{"line":60,"column":9}},{"start":{"line":56,"column":8},"end":{"line":60,"column":9}}],"line":56}},"s":{"0":0,"1":0,"2":0,"3":0,"4":0,"5":0,"6":0,"7":0,"8":0,"9":0,"10":0,"11":0,"12":0,"13":0,"14":0,"15":0,"16":0,"17":0,"18":0,"19":0,"20":0,"21":0,"22":0,"23":0,"24":0,"25":0,"26":0},"f":{"0":0,"1":0,"2":0,"3":0,"4":0,"5":0,"6":0,"7":0},"b":{"0":[0,0]},"hash":"d157e4a1af9cda7617673156953c652cacd2fa35"}
,"C:\\Users\\Pichau\\Documents\\homeday\\src\\views\\Home.vue": {"path":"C:\\Users\\Pichau\\Documents\\homeday\\src\\views\\Home.vue","statementMap":{"0":{"start":{"line":25,"column":0},"end":{"line":25,"column":null}},"1":{"start":{"line":26,"column":0},"end":{"line":26,"column":null}},"2":{"start":{"line":28,"column":0},"end":{"line":28,"column":null}},"3":{"start":{"line":29,"column":0},"end":{"line":29,"column":null}},"4":{"start":{"line":39,"column":0},"end":{"line":44,"column":null}},"5":{"start":{"line":40,"column":0},"end":{"line":40,"column":null}},"6":{"start":{"line":42,"column":0},"end":{"line":42,"column":null}},"7":{"start":{"line":43,"column":0},"end":{"line":43,"column":null}}},"fnMap":{"0":{"name":"(anonymous_1)","decl":{"start":{"line":38,"column":0},"end":{"line":38,"column":null}},"loc":{"start":{"line":38,"column":0},"end":{"line":45,"column":null}}}},"branchMap":{},"s":{"0":1,"1":1,"2":1,"3":1,"4":2,"5":2,"6":0,"7":0},"f":{"0":2},"b":{}}
,"C:\\Users\\Pichau\\Documents\\homeday\\src\\views\\NotFound.vue": {"path":"C:\\Users\\Pichau\\Documents\\homeday\\src\\views\\NotFound.vue","statementMap":{"0":{"start":{"line":8,"column":0},"end":{"line":8,"column":null}}},"fnMap":{},"branchMap":{},"s":{"0":0},"f":{},"b":{}}
,"C:\\Users\\Pichau\\Documents\\homeday\\src\\views\\Repository.vue": {"path":"C:\\Users\\Pichau\\Documents\\homeday\\src\\views\\Repository.vue","statementMap":{"0":{"start":{"line":18,"column":0},"end":{"line":18,"column":null}},"1":{"start":{"line":19,"column":0},"end":{"line":19,"column":null}},"2":{"start":{"line":20,"column":0},"end":{"line":20,"column":null}},"3":{"start":{"line":22,"column":0},"end":{"line":22,"column":null}},"4":{"start":{"line":23,"column":0},"end":{"line":23,"column":null}},"5":{"start":{"line":33,"column":0},"end":{"line":33,"column":null}},"6":{"start":{"line":39,"column":0},"end":{"line":50,"column":null}},"7":{"start":{"line":40,"column":0},"end":{"line":40,"column":null}},"8":{"start":{"line":41,"column":0},"end":{"line":41,"column":null}},"9":{"start":{"line":43,"column":0},"end":{"line":49,"column":null}},"10":{"start":{"line":44,"column":0},"end":{"line":44,"column":null}},"11":{"start":{"line":46,"column":0},"end":{"line":46,"column":null}}},"fnMap":{"0":{"name":"(anonymous_1)","decl":{"start":{"line":32,"column":0},"end":{"line":32,"column":null}},"loc":{"start":{"line":32,"column":0},"end":{"line":36,"column":null}}},"1":{"name":"(anonymous_2)","decl":{"start":{"line":38,"column":0},"end":{"line":38,"column":null}},"loc":{"start":{"line":38,"column":0},"end":{"line":51,"column":null}}}},"branchMap":{"0":{"loc":{"start":{"line":43,"column":0},"end":{"line":49,"column":null}},"type":"if","locations":[{"start":{"line":43,"column":0},"end":{"line":49,"column":null}},{"start":{"line":43,"column":0},"end":{"line":49,"column":null}}]}},"s":{"0":0,"1":0,"2":0,"3":0,"4":0,"5":0,"6":0,"7":0,"8":0,"9":0,"10":0,"11":0},"f":{"0":0,"1":0},"b":{"0":[0,0]}}
,"C:\\Users\\Pichau\\Documents\\homeday\\src\\views\\UserRepositories.vue": {"path":"C:\\Users\\Pichau\\Documents\\homeday\\src\\views\\UserRepositories.vue","statementMap":{"0":{"start":{"line":15,"column":0},"end":{"line":15,"column":null}},"1":{"start":{"line":16,"column":0},"end":{"line":16,"column":null}},"2":{"start":{"line":18,"column":0},"end":{"line":18,"column":null}},"3":{"start":{"line":19,"column":0},"end":{"line":19,"column":null}},"4":{"start":{"line":29,"column":0},"end":{"line":29,"column":null}},"5":{"start":{"line":35,"column":0},"end":{"line":47,"column":null}},"6":{"start":{"line":36,"column":0},"end":{"line":36,"column":null}},"7":{"start":{"line":38,"column":0},"end":{"line":46,"column":null}},"8":{"start":{"line":39,"column":0},"end":{"line":39,"column":null}},"9":{"start":{"line":41,"column":0},"end":{"line":41,"column":null}},"10":{"start":{"line":45,"column":0},"end":{"line":45,"column":null}}},"fnMap":{"0":{"name":"(anonymous_1)","decl":{"start":{"line":28,"column":0},"end":{"line":28,"column":null}},"loc":{"start":{"line":28,"column":0},"end":{"line":32,"column":null}}},"1":{"name":"(anonymous_2)","decl":{"start":{"line":34,"column":0},"end":{"line":34,"column":null}},"loc":{"start":{"line":34,"column":0},"end":{"line":48,"column":null}}}},"branchMap":{"0":{"loc":{"start":{"line":38,"column":0},"end":{"line":46,"column":null}},"type":"if","locations":[{"start":{"line":38,"column":0},"end":{"line":46,"column":null}},{"start":{"line":38,"column":0},"end":{"line":46,"column":null}}]}},"s":{"0":1,"1":1,"2":1,"3":1,"4":3,"5":3,"6":3,"7":1,"8":0,"9":1,"10":1},"f":{"0":3,"1":3},"b":{"0":[0,1]}}
,"C:\\Users\\Pichau\\Documents\\homeday\\src\\views\\Workflow.vue": {"path":"C:\\Users\\Pichau\\Documents\\homeday\\src\\views\\Workflow.vue","statementMap":{"0":{"start":{"line":9,"column":0},"end":{"line":9,"column":null}},"1":{"start":{"line":10,"column":0},"end":{"line":10,"column":null}},"2":{"start":{"line":11,"column":0},"end":{"line":11,"column":null}},"3":{"start":{"line":13,"column":0},"end":{"line":13,"column":null}},"4":{"start":{"line":23,"column":0},"end":{"line":23,"column":null}},"5":{"start":{"line":30,"column":0},"end":{"line":46,"column":null}},"6":{"start":{"line":31,"column":0},"end":{"line":31,"column":null}},"7":{"start":{"line":33,"column":0},"end":{"line":35,"column":null}},"8":{"start":{"line":34,"column":0},"end":{"line":34,"column":null}},"9":{"start":{"line":37,"column":0},"end":{"line":45,"column":null}},"10":{"start":{"line":38,"column":0},"end":{"line":38,"column":null}},"11":{"start":{"line":42,"column":0},"end":{"line":42,"column":null}}},"fnMap":{"0":{"name":"(anonymous_1)","decl":{"start":{"line":22,"column":0},"end":{"line":22,"column":null}},"loc":{"start":{"line":22,"column":0},"end":{"line":26,"column":null}}},"1":{"name":"(anonymous_2)","decl":{"start":{"line":29,"column":0},"end":{"line":29,"column":null}},"loc":{"start":{"line":29,"column":0},"end":{"line":47,"column":null}}}},"branchMap":{"0":{"loc":{"start":{"line":33,"column":0},"end":{"line":35,"column":null}},"type":"if","locations":[{"start":{"line":33,"column":0},"end":{"line":35,"column":null}},{"start":{"line":33,"column":0},"end":{"line":35,"column":null}}]},"1":{"loc":{"start":{"line":37,"column":0},"end":{"line":45,"column":null}},"type":"if","locations":[{"start":{"line":37,"column":0},"end":{"line":45,"column":null}},{"start":{"line":37,"column":0},"end":{"line":45,"column":null}}]}},"s":{"0":0,"1":0,"2":0,"3":0,"4":0,"5":0,"6":0,"7":0,"8":0,"9":0,"10":0,"11":0},"f":{"0":0,"1":0},"b":{"0":[0,0],"1":[0,0]}}
}
