TN:
SF:C:\Users\Pichau\Documents\homeday\src\routes.js
FNF:0
FNH:0
DA:7,0
LF:1
LH:0
BRF:0
BRH:0
end_of_record
TN:
SF:C:\Users\Pichau\Documents\homeday\src\common\api.js
FN:7,(anonymous_0)
FN:12,(anonymous_1)
FN:16,(anonymous_2)
FN:32,(anonymous_3)
FN:38,(anonymous_4)
FNF:5
FNH:0
FNDA:0,(anonymous_0)
FNDA:0,(anonymous_1)
FNDA:0,(anonymous_2)
FNDA:0,(anonymous_3)
FNDA:0,(anonymous_4)
DA:6,0
DA:8,0
DA:9,0
DA:13,0
DA:17,0
DA:18,0
DA:20,0
DA:31,0
DA:33,0
DA:37,0
DA:39,0
LF:11
LH:0
BRDA:16,0,0,0
BRF:1
BRH:0
end_of_record
TN:
SF:C:\Users\Pichau\Documents\homeday\src\common\config.js
FNF:0
FNH:0
DA:1,0
LF:1
LH:0
BRF:0
BRH:0
end_of_record
TN:
SF:C:\Users\Pichau\Documents\homeday\src\common\errors.js
FNF:0
FNH:0
LF:0
LH:0
BRF:0
BRH:0
end_of_record
TN:
SF:C:\Users\Pichau\Documents\homeday\src\common\utils.js
FN:1,(anonymous_0)
FN:2,(anonymous_1)
FNF:2
FNH:0
FNDA:0,(anonymous_0)
FNDA:0,(anonymous_1)
DA:1,0
DA:2,0
LF:2
LH:0
BRF:0
BRH:0
end_of_record
TN:
SF:C:\Users\Pichau\Documents\homeday\src\components\Repository.vue
FNF:0
FNH:0
DA:56,0
LF:1
LH:0
BRF:0
BRH:0
end_of_record
TN:
SF:C:\Users\Pichau\Documents\homeday\src\components\RepositoryList.vue
FNF:0
FNH:0
DA:55,2
LF:1
LH:1
BRF:0
BRH:0
end_of_record
TN:
SF:C:\Users\Pichau\Documents\homeday\src\components\WorkflowForm.vue
FN:110,(anonymous_1)
FN:122,(anonymous_2)
FN:128,(anonymous_3)
FN:148,(anonymous_4)
FNF:4
FNH:0
FNDA:0,(anonymous_1)
FNDA:0,(anonymous_2)
FNDA:0,(anonymous_3)
FNDA:0,(anonymous_4)
DA:100,0
DA:101,0
DA:111,0
DA:123,0
DA:124,0
DA:129,0
DA:133,0
DA:134,0
DA:137,0
DA:138,0
DA:141,0
DA:142,0
DA:145,0
DA:149,0
LF:14
LH:0
BRDA:123,0,0,0
BRDA:123,0,1,0
BRDA:133,1,0,0
BRDA:133,1,1,0
BRDA:137,2,0,0
BRDA:137,2,1,0
BRDA:137,3,0,0
BRDA:137,3,1,0
BRDA:141,4,0,0
BRDA:141,4,1,0
BRF:10
BRH:0
end_of_record
TN:
SF:C:\Users\Pichau\Documents\homeday\src\store\actions.js
FNF:0
FNH:0
DA:1,2
DA:2,2
DA:3,2
LF:3
LH:3
BRF:0
BRH:0
end_of_record
TN:
SF:C:\Users\Pichau\Documents\homeday\src\store\index.js
FNF:0
FNH:0
DA:7,0
DA:8,0
LF:2
LH:0
BRF:0
BRH:0
end_of_record
TN:
SF:C:\Users\Pichau\Documents\homeday\src\store\mutations.js
FNF:0
FNH:0
DA:1,0
DA:2,0
DA:3,0
LF:3
LH:0
BRF:0
BRH:0
end_of_record
TN:
SF:C:\Users\Pichau\Documents\homeday\src\store\repository.module.js
FN:15,(anonymous_0)
FN:37,(anonymous_1)
FN:50,(anonymous_2)
FN:54,(anonymous_3)
FN:58,(anonymous_4)
FN:62,(anonymous_5)
FN:62,(anonymous_6)
FNF:7
FNH:0
FNDA:0,(anonymous_0)
FNDA:0,(anonymous_1)
FNDA:0,(anonymous_2)
FNDA:0,(anonymous_3)
FNDA:0,(anonymous_4)
FNDA:0,(anonymous_5)
FNDA:0,(anonymous_6)
DA:6,0
DA:12,0
DA:14,0
DA:16,0
DA:17,0
DA:32,0
DA:36,0
DA:38,0
DA:39,0
DA:41,0
DA:44,0
DA:45,0
DA:49,0
DA:51,0
DA:57,0
DA:58,0
DA:62,0
DA:63,0
LF:18
LH:0
BRDA:38,0,0,0
BRDA:38,0,1,0
BRF:2
BRH:0
end_of_record
TN:
SF:C:\Users\Pichau\Documents\homeday\src\store\user.module.js
FN:16,(anonymous_0)
FN:30,(anonymous_1)
FN:34,(anonymous_2)
FN:55,(anonymous_3)
FN:67,(anonymous_4)
FN:68,(anonymous_5)
FN:75,(anonymous_6)
FN:75,(anonymous_7)
FNF:8
FNH:0
FNDA:0,(anonymous_0)
FNDA:0,(anonymous_1)
FNDA:0,(anonymous_2)
FNDA:0,(anonymous_3)
FNDA:0,(anonymous_4)
FNDA:0,(anonymous_5)
FNDA:0,(anonymous_6)
FNDA:0,(anonymous_7)
DA:6,0
DA:13,0
DA:15,0
DA:17,0
DA:18,0
DA:26,0
DA:27,0
DA:31,0
DA:32,0
DA:34,0
DA:49,0
DA:50,0
DA:54,0
DA:56,0
DA:57,0
DA:59,0
DA:62,0
DA:63,0
DA:64,0
DA:68,0
DA:69,0
DA:70,0
DA:74,0
DA:75,0
DA:76,0
LF:25
LH:0
BRDA:56,0,0,0
BRDA:56,0,1,0
BRF:2
BRH:0
end_of_record
TN:
SF:C:\Users\Pichau\Documents\homeday\src\views\Home.vue
FN:38,(anonymous_1)
FNF:1
FNH:1
FNDA:2,(anonymous_1)
DA:25,1
DA:26,1
DA:28,1
DA:29,1
DA:39,2
DA:40,2
DA:42,0
DA:43,0
LF:8
LH:6
BRF:0
BRH:0
end_of_record
TN:
SF:C:\Users\Pichau\Documents\homeday\src\views\NotFound.vue
FNF:0
FNH:0
DA:8,0
LF:1
LH:0
BRF:0
BRH:0
end_of_record
TN:
SF:C:\Users\Pichau\Documents\homeday\src\views\Repository.vue
FN:32,(anonymous_1)
FN:38,(anonymous_2)
FNF:2
FNH:0
FNDA:0,(anonymous_1)
FNDA:0,(anonymous_2)
DA:18,0
DA:19,0
DA:20,0
DA:22,0
DA:23,0
DA:33,0
DA:39,0
DA:40,0
DA:41,0
DA:43,0
DA:44,0
DA:46,0
LF:12
LH:0
BRDA:43,0,0,0
BRDA:43,0,1,0
BRF:2
BRH:0
end_of_record
TN:
SF:C:\Users\Pichau\Documents\homeday\src\views\UserRepositories.vue
FN:28,(anonymous_1)
FN:34,(anonymous_2)
FNF:2
FNH:2
FNDA:3,(anonymous_1)
FNDA:3,(anonymous_2)
DA:15,1
DA:16,1
DA:18,1
DA:19,1
DA:29,3
DA:35,3
DA:36,3
DA:38,1
DA:39,0
DA:41,1
DA:45,1
LF:11
LH:10
BRDA:38,0,0,0
BRDA:38,0,1,1
BRF:2
BRH:1
end_of_record
TN:
SF:C:\Users\Pichau\Documents\homeday\src\views\Workflow.vue
FN:22,(anonymous_1)
FN:29,(anonymous_2)
FNF:2
FNH:0
FNDA:0,(anonymous_1)
FNDA:0,(anonymous_2)
DA:9,0
DA:10,0
DA:11,0
DA:13,0
DA:23,0
DA:30,0
DA:31,0
DA:33,0
DA:34,0
DA:37,0
DA:38,0
DA:42,0
LF:12
LH:0
BRDA:33,0,0,0
BRDA:33,0,1,0
BRDA:37,1,0,0
BRDA:37,1,1,0
BRF:4
BRH:0
end_of_record
